# JRE version: OpenJDK Runtime Environment Temurin-21.0.9+10 (21.0.9+10) (build 21.0.9+10-LTS)
# Java VM: OpenJDK 64-Bit Server VM Temurin-21.0.9+10 (21.0.9+10-LTS, mixed mode, sharing, tiered, compressed oops, compressed class ptrs, parallel gc, windows-amd64)
GC Precious Log:
 CardTable entry size: 512
 CPUs: 16 total, 16 available
 Memory: 15763M
 Large Page Support: Disabled
 NUMA Support: Disabled
 Compressed Oops: Enabled (32-bit)
 Alignments: Space 512K, Generation 512K, Heap 2M
 Heap Min Capacity: 100M
 Heap Initial Capacity: 100M
 Heap Max Capacity: 2G
 Pre-touch: Disabled
 Parallel Workers: 13
Heap:
 PSYoungGen      total 3072K, used 2560K [0x00000000d5580000, 0x00000000d5a80000, 0x0000000100000000)
  eden space 1536K, 100% used [0x00000000d5580000,0x00000000d5700000,0x00000000d5700000)
  from space 1536K, 66% used [0x00000000d5880000,0x00000000d5980000,0x00000000d5a00000)
  to   space 1536K, 21% used [0x00000000d5700000,0x00000000d5754010,0x00000000d5880000)
 ParOldGen       total 1390080K, used 1390078K [0x0000000080000000, 0x00000000d4d80000, 0x00000000d5580000)
  object space 1390080K, 99% used [0x0000000080000000,0x00000000d4d7fbf8,0x00000000d4d80000)
 Metaspace       used 88083K, committed 89920K, reserved 1179648K
  class space    used 8553K, committed 9408K, reserved 1048576K
GC Heap History (20 events):
Event: 1630.743 GC heap after
{Heap after GC invocations=4569 (full 6):
 PSYoungGen      total 3072K, used 512K [0x00000000d5580000, 0x00000000d5b00000, 0x0000000100000000)
  eden space 2560K, 0% used [0x00000000d5580000,0x00000000d5580000,0x00000000d5800000)
  from space 512K, 100% used [0x00000000d5900000,0x00000000d5980000,0x00000000d5980000)
  to   space 1536K, 0% used [0x00000000d5980000,0x00000000d5980000,0x00000000d5b00000)
 ParOldGen       total 1383424K, used 1383038K [0x0000000080000000, 0x00000000d4700000, 0x00000000d5580000)
  object space 1383424K, 99% used [0x0000000080000000,0x00000000d469fad8,0x00000000d4700000)
 Metaspace       used 88077K, committed 89920K, reserved 1179648K
  class space    used 8553K, committed 9408K, reserved 1048576K
}
Event: 1630.748 GC heap before
{Heap before GC invocations=4570 (full 6):
 PSYoungGen      total 3072K, used 3072K [0x00000000d5580000, 0x00000000d5b00000, 0x0000000100000000)
  eden space 2560K, 100% used [0x00000000d5580000,0x00000000d5800000,0x00000000d5800000)
  from space 512K, 100% used [0x00000000d5900000,0x00000000d5980000,0x00000000d5980000)
  to   space 1536K, 0% used [0x00000000d5980000,0x00000000d5980000,0x00000000d5b00000)
 ParOldGen       total 1383424K, used 1383038K [0x0000000080000000, 0x00000000d4700000, 0x00000000d5580000)
  object space 1383424K, 99% used [0x0000000080000000,0x00000000d469fad8,0x00000000d4700000)
 Metaspace       used 88077K, committed 89920K, reserved 1179648K
  class space    used 8553K, committed 9408K, reserved 1048576K
}
Event: 1630.750 GC heap after
{Heap after GC invocations=4570 (full 6):
 PSYoungGen      total 4096K, used 1159K [0x00000000d5580000, 0x00000000d5b80000, 0x0000000100000000)
  eden space 2560K, 0% used [0x00000000d5580000,0x00000000d5580000,0x00000000d5800000)
  from space 1536K, 75% used [0x00000000d5980000,0x00000000d5aa1d20,0x00000000d5b00000)
  to   space 1536K, 0% used [0x00000000d5800000,0x00000000d5800000,0x00000000d5980000)
 ParOldGen       total 1383936K, used 1383594K [0x0000000080000000, 0x00000000d4780000, 0x00000000d5580000)
  object space 1383936K, 99% used [0x0000000080000000,0x00000000d472a960,0x00000000d4780000)
 Metaspace       used 88077K, committed 89920K, reserved 1179648K
  class space    used 8553K, committed 9408K, reserved 1048576K
}
Event: 1632.504 GC heap before
{Heap before GC invocations=4571 (full 6):
 PSYoungGen      total 4096K, used 3719K [0x00000000d5580000, 0x00000000d5b80000, 0x0000000100000000)
  eden space 2560K, 99% used [0x00000000d5580000,0x00000000d57fffe8,0x00000000d5800000)
  from space 1536K, 75% used [0x00000000d5980000,0x00000000d5aa1d20,0x00000000d5b00000)
  to   space 1536K, 0% used [0x00000000d5800000,0x00000000d5800000,0x00000000d5980000)
 ParOldGen       total 1383936K, used 1383594K [0x0000000080000000, 0x00000000d4780000, 0x00000000d5580000)
  object space 1383936K, 99% used [0x0000000080000000,0x00000000d472a960,0x00000000d4780000)
 Metaspace       used 88077K, committed 89920K, reserved 1179648K
  class space    used 8553K, committed 9408K, reserved 1048576K
}
Event: 1632.505 GC heap after
{Heap after GC invocations=4571 (full 6):
 PSYoungGen      total 3072K, used 320K [0x00000000d5580000, 0x00000000d5a00000, 0x0000000100000000)
  eden space 2560K, 0% used [0x00000000d5580000,0x00000000d5580000,0x00000000d5800000)
  from space 512K, 62% used [0x00000000d5800000,0x00000000d5850000,0x00000000d5880000)
  to   space 1024K, 0% used [0x00000000d5900000,0x00000000d5900000,0x00000000d5a00000)
 ParOldGen       total 1383936K, used 1383776K [0x0000000080000000, 0x00000000d4780000, 0x00000000d5580000)
  object space 1383936K, 99% used [0x0000000080000000,0x00000000d47580e0,0x00000000d4780000)
 Metaspace       used 88077K, committed 89920K, reserved 1179648K
  class space    used 8553K, committed 9408K, reserved 1048576K
}
Event: 1636.377 GC heap before
{Heap before GC invocations=4572 (full 6):
 PSYoungGen      total 3072K, used 2880K [0x00000000d5580000, 0x00000000d5a00000, 0x0000000100000000)
  eden space 2560K, 100% used [0x00000000d5580000,0x00000000d5800000,0x00000000d5800000)
  from space 512K, 62% used [0x00000000d5800000,0x00000000d5850000,0x00000000d5880000)
  to   space 1024K, 0% used [0x00000000d5900000,0x00000000d5900000,0x00000000d5a00000)
 ParOldGen       total 1383936K, used 1383776K [0x0000000080000000, 0x00000000d4780000, 0x00000000d5580000)
  object space 1383936K, 99% used [0x0000000080000000,0x00000000d47580e0,0x00000000d4780000)
 Metaspace       used 88081K, committed 89920K, reserved 1179648K
  class space    used 8553K, committed 9408K, reserved 1048576K
}
Event: 1636.379 GC heap after
{Heap after GC invocations=4572 (full 6):
 PSYoungGen      total 3072K, used 384K [0x00000000d5580000, 0x00000000d5980000, 0x0000000100000000)
  eden space 2560K, 0% used [0x00000000d5580000,0x00000000d5580000,0x00000000d5800000)
  from space 512K, 75% used [0x00000000d5900000,0x00000000d5960000,0x00000000d5980000)
  to   space 512K, 0% used [0x00000000d5800000,0x00000000d5800000,0x00000000d5880000)
 ParOldGen       total 1383936K, used 1383816K [0x0000000080000000, 0x00000000d4780000, 0x00000000d5580000)
  object space 1383936K, 99% used [0x0000000080000000,0x00000000d47620e0,0x00000000d4780000)
 Metaspace       used 88081K, committed 89920K, reserved 1179648K
  class space    used 8553K, committed 9408K, reserved 1048576K
}
Event: 1637.794 GC heap before
{Heap before GC invocations=4573 (full 6):
 PSYoungGen      total 3072K, used 2944K [0x00000000d5580000, 0x00000000d5980000, 0x0000000100000000)
  eden space 2560K, 100% used [0x00000000d5580000,0x00000000d5800000,0x00000000d5800000)
  from space 512K, 75% used [0x00000000d5900000,0x00000000d5960000,0x00000000d5980000)
  to   space 512K, 0% used [0x00000000d5800000,0x00000000d5800000,0x00000000d5880000)
 ParOldGen       total 1383936K, used 1383816K [0x0000000080000000, 0x00000000d4780000, 0x00000000d5580000)
  object space 1383936K, 99% used [0x0000000080000000,0x00000000d47620e0,0x00000000d4780000)
 Metaspace       used 88081K, committed 89920K, reserved 1179648K
  class space    used 8553K, committed 9408K, reserved 1048576K
}
Event: 1637.795 GC heap after
{Heap after GC invocations=4573 (full 6):
 PSYoungGen      total 3072K, used 475K [0x00000000d5580000, 0x00000000d5980000, 0x0000000100000000)
  eden space 2560K, 0% used [0x00000000d5580000,0x00000000d5580000,0x00000000d5800000)
  from space 512K, 92% used [0x00000000d5800000,0x00000000d5876f98,0x00000000d5880000)
  to   space 512K, 0% used [0x00000000d5900000,0x00000000d5900000,0x00000000d5980000)
 ParOldGen       total 1383936K, used 1383856K [0x0000000080000000, 0x00000000d4780000, 0x00000000d5580000)
  object space 1383936K, 99% used [0x0000000080000000,0x00000000d476c0e0,0x00000000d4780000)
 Metaspace       used 88081K, committed 89920K, reserved 1179648K
  class space    used 8553K, committed 9408K, reserved 1048576K
}
Event: 1637.800 GC heap before
{Heap before GC invocations=4574 (full 6):
 PSYoungGen      total 3072K, used 3035K [0x00000000d5580000, 0x00000000d5980000, 0x0000000100000000)
  eden space 2560K, 100% used [0x00000000d5580000,0x00000000d5800000,0x00000000d5800000)
  from space 512K, 92% used [0x00000000d5800000,0x00000000d5876f98,0x00000000d5880000)
  to   space 512K, 0% used [0x00000000d5900000,0x00000000d5900000,0x00000000d5980000)
 ParOldGen       total 1383936K, used 1383856K [0x0000000080000000, 0x00000000d4780000, 0x00000000d5580000)
  object space 1383936K, 99% used [0x0000000080000000,0x00000000d476c0e0,0x00000000d4780000)
 Metaspace       used 88081K, committed 89920K, reserved 1179648K
  class space    used 8553K, committed 9408K, reserved 1048576K
}
Event: 1637.801 GC heap after
{Heap after GC invocations=4574 (full 6):
 PSYoungGen      total 2560K, used 512K [0x00000000d5580000, 0x00000000d5b00000, 0x0000000100000000)
  eden space 2048K, 0% used [0x00000000d5580000,0x00000000d5580000,0x00000000d5780000)
  from space 512K, 100% used [0x00000000d5900000,0x00000000d5980000,0x00000000d5980000)
  to   space 1536K, 0% used [0x00000000d5780000,0x00000000d5780000,0x00000000d5900000)
 ParOldGen       total 1384960K, used 1384545K [0x0000000080000000, 0x00000000d4880000, 0x00000000d5580000)
  object space 1384960K, 99% used [0x0000000080000000,0x00000000d4818568,0x00000000d4880000)
 Metaspace       used 88081K, committed 89920K, reserved 1179648K
  class space    used 8553K, committed 9408K, reserved 1048576K
}
Event: 1638.245 GC heap before
{Heap before GC invocations=4575 (full 6):
 PSYoungGen      total 2560K, used 2560K [0x00000000d5580000, 0x00000000d5b00000, 0x0000000100000000)
  eden space 2048K, 100% used [0x00000000d5580000,0x00000000d5780000,0x00000000d5780000)
  from space 512K, 100% used [0x00000000d5900000,0x00000000d5980000,0x00000000d5980000)
  to   space 1536K, 0% used [0x00000000d5780000,0x00000000d5780000,0x00000000d5900000)
 ParOldGen       total 1384960K, used 1384545K [0x0000000080000000, 0x00000000d4880000, 0x00000000d5580000)
  object space 1384960K, 99% used [0x0000000080000000,0x00000000d4818568,0x00000000d4880000)
 Metaspace       used 88082K, committed 89920K, reserved 1179648K
  class space    used 8553K, committed 9408K, reserved 1048576K
}
Event: 1638.248 GC heap after
{Heap after GC invocations=4575 (full 6):
 PSYoungGen      total 3072K, used 927K [0x00000000d5580000, 0x00000000d5980000, 0x0000000100000000)
  eden space 2048K, 0% used [0x00000000d5580000,0x00000000d5580000,0x00000000d5780000)
  from space 1024K, 90% used [0x00000000d5780000,0x00000000d5867e70,0x00000000d5880000)
  to   space 1024K, 0% used [0x00000000d5880000,0x00000000d5880000,0x00000000d5980000)
 ParOldGen       total 1385472K, used 1385103K [0x0000000080000000, 0x00000000d4900000, 0x00000000d5580000)
  object space 1385472K, 99% used [0x0000000080000000,0x00000000d48a3fa8,0x00000000d4900000)
 Metaspace       used 88082K, committed 89920K, reserved 1179648K
  class space    used 8553K, committed 9408K, reserved 1048576K
}
Event: 1638.253 GC heap before
{Heap before GC invocations=4576 (full 6):
 PSYoungGen      total 3072K, used 2975K [0x00000000d5580000, 0x00000000d5980000, 0x0000000100000000)
  eden space 2048K, 100% used [0x00000000d5580000,0x00000000d5780000,0x00000000d5780000)
  from space 1024K, 90% used [0x00000000d5780000,0x00000000d5867e70,0x00000000d5880000)
  to   space 1024K, 0% used [0x00000000d5880000,0x00000000d5880000,0x00000000d5980000)
 ParOldGen       total 1385472K, used 1385103K [0x0000000080000000, 0x00000000d4900000, 0x00000000d5580000)
  object space 1385472K, 99% used [0x0000000080000000,0x00000000d48a3fa8,0x00000000d4900000)
 Metaspace       used 88083K, committed 89920K, reserved 1179648K
  class space    used 8553K, committed 9408K, reserved 1048576K
}
Event: 1638.256 GC heap after
{Heap after GC invocations=4576 (full 6):
 PSYoungGen      total 3072K, used 992K [0x00000000d5580000, 0x00000000d5980000, 0x0000000100000000)
  eden space 2048K, 0% used [0x00000000d5580000,0x00000000d5580000,0x00000000d5780000)
  from space 1024K, 96% used [0x00000000d5880000,0x00000000d5978000,0x00000000d5980000)
  to   space 1024K, 0% used [0x00000000d5780000,0x00000000d5780000,0x00000000d5880000)
 ParOldGen       total 1385984K, used 1385808K [0x0000000080000000, 0x00000000d4980000, 0x00000000d5580000)
  object space 1385984K, 99% used [0x0000000080000000,0x00000000d4954380,0x00000000d4980000)
 Metaspace       used 88083K, committed 89920K, reserved 1179648K
  class space    used 8553K, committed 9408K, reserved 1048576K
}
Event: 1638.260 GC heap before
{Heap before GC invocations=4577 (full 6):
 PSYoungGen      total 3072K, used 3040K [0x00000000d5580000, 0x00000000d5980000, 0x0000000100000000)
  eden space 2048K, 100% used [0x00000000d5580000,0x00000000d5780000,0x00000000d5780000)
  from space 1024K, 96% used [0x00000000d5880000,0x00000000d5978000,0x00000000d5980000)
  to   space 1024K, 0% used [0x00000000d5780000,0x00000000d5780000,0x00000000d5880000)
 ParOldGen       total 1385984K, used 1385808K [0x0000000080000000, 0x00000000d4980000, 0x00000000d5580000)
  object space 1385984K, 99% used [0x0000000080000000,0x00000000d4954380,0x00000000d4980000)
 Metaspace       used 88083K, committed 89920K, reserved 1179648K
  class space    used 8553K, committed 9408K, reserved 1048576K
}
Event: 1638.262 GC heap after
{Heap after GC invocations=4577 (full 6):
 PSYoungGen      total 3072K, used 1003K [0x00000000d5580000, 0x00000000d5b80000, 0x0000000100000000)
  eden space 2048K, 0% used [0x00000000d5580000,0x00000000d5580000,0x00000000d5780000)
  from space 1024K, 98% used [0x00000000d5780000,0x00000000d587afa8,0x00000000d5880000)
  to   space 2048K, 0% used [0x00000000d5980000,0x00000000d5980000,0x00000000d5b80000)
 ParOldGen       total 1387008K, used 1386598K [0x0000000080000000, 0x00000000d4a80000, 0x00000000d5580000)
  object space 1387008K, 99% used [0x0000000080000000,0x00000000d4a19ac0,0x00000000d4a80000)
 Metaspace       used 88083K, committed 89920K, reserved 1179648K
  class space    used 8553K, committed 9408K, reserved 1048576K
}
Event: 1638.778 GC heap before
{Heap before GC invocations=4578 (full 6):
 PSYoungGen      total 3072K, used 3051K [0x00000000d5580000, 0x00000000d5b80000, 0x0000000100000000)
  eden space 2048K, 100% used [0x00000000d5580000,0x00000000d5780000,0x00000000d5780000)
  from space 1024K, 98% used [0x00000000d5780000,0x00000000d587afa8,0x00000000d5880000)
  to   space 2048K, 0% used [0x00000000d5980000,0x00000000d5980000,0x00000000d5b80000)
 ParOldGen       total 1387008K, used 1386598K [0x0000000080000000, 0x00000000d4a80000, 0x00000000d5580000)
  object space 1387008K, 99% used [0x0000000080000000,0x00000000d4a19ac0,0x00000000d4a80000)
 Metaspace       used 88083K, committed 89920K, reserved 1179648K
  class space    used 8553K, committed 9408K, reserved 1048576K
}
Event: 1638.780 GC heap after
{Heap after GC invocations=4578 (full 6):
 PSYoungGen      total 3072K, used 539K [0x00000000d5580000, 0x00000000d5a80000, 0x0000000100000000)
  eden space 2048K, 0% used [0x00000000d5580000,0x00000000d5580000,0x00000000d5780000)
  from space 1024K, 52% used [0x00000000d5980000,0x00000000d5a06f98,0x00000000d5a80000)
  to   space 1024K, 0% used [0x00000000d5780000,0x00000000d5780000,0x00000000d5880000)
 ParOldGen       total 1387520K, used 1387447K [0x0000000080000000, 0x00000000d4b00000, 0x00000000d5580000)
  object space 1387520K, 99% used [0x0000000080000000,0x00000000d4aedf08,0x00000000d4b00000)
 Metaspace       used 88083K, committed 89920K, reserved 1179648K
  class space    used 8553K, committed 9408K, reserved 1048576K
}
Event: 1638.870 GC heap before
{Heap before GC invocations=4579 (full 6):
 PSYoungGen      total 3072K, used 2585K [0x00000000d5580000, 0x00000000d5a80000, 0x0000000100000000)
  eden space 2048K, 99% used [0x00000000d5580000,0x00000000d577f720,0x00000000d5780000)
  from space 1024K, 52% used [0x00000000d5980000,0x00000000d5a06f98,0x00000000d5a80000)
  to   space 1024K, 0% used [0x00000000d5780000,0x00000000d5780000,0x00000000d5880000)
 ParOldGen       total 1387520K, used 1387447K [0x0000000080000000, 0x00000000d4b00000, 0x00000000d5580000)
  object space 1387520K, 99% used [0x0000000080000000,0x00000000d4aedf08,0x00000000d4b00000)
 Metaspace       used 88083K, committed 89920K, reserved 1179648K
  class space    used 8553K, committed 9408K, reserved 1048576K
}

