# JRE version: OpenJDK Runtime Environment Temurin-21.0.9+10 (21.0.9+10) (build 21.0.9+10-LTS)
# Java VM: OpenJDK 64-Bit Server VM Temurin-21.0.9+10 (21.0.9+10-LTS, mixed mode, sharing, tiered, compressed oops, compressed class ptrs, parallel gc, windows-amd64)
GC Precious Log:
 CardTable entry size: 512
 CPUs: 16 total, 16 available
 Memory: 15763M
 Large Page Support: Disabled
 NUMA Support: Disabled
 Compressed Oops: Enabled (32-bit)
 Alignments: Space 512K, Generation 512K, Heap 2M
 Heap Min Capacity: 100M
 Heap Initial Capacity: 100M
 Heap Max Capacity: 2G
 Pre-touch: Disabled
 Parallel Workers: 13
Heap:
 PSYoungGen      total 6144K, used 5032K [0x00000000d5580000, 0x00000000d5d00000, 0x0000000100000000)
  eden space 5120K, 80% used [0x00000000d5580000,0x00000000d5982358,0x00000000d5a80000)
  from space 1024K, 90% used [0x00000000d5b00000,0x00000000d5be8000,0x00000000d5c00000)
  to   space 1024K, 0% used [0x00000000d5c00000,0x00000000d5c00000,0x00000000d5d00000)
 ParOldGen       total 956928K, used 956688K [0x0000000080000000, 0x00000000ba680000, 0x00000000d5580000)
  object space 956928K, 99% used [0x0000000080000000,0x00000000ba6441c0,0x00000000ba680000)
 Metaspace       used 91887K, committed 93760K, reserved 1179648K
  class space    used 9162K, committed 10112K, reserved 1048576K
GC Heap History (20 events):
Event: 1715.635 GC heap before
{Heap before GC invocations=2615 (full 5):
 PSYoungGen      total 4608K, used 4320K [0x00000000d5580000, 0x00000000d5b80000, 0x0000000100000000)
  eden space 3584K, 100% used [0x00000000d5580000,0x00000000d5900000,0x00000000d5900000)
  from space 1024K, 71% used [0x00000000d5900000,0x00000000d59b8020,0x00000000d5a00000)
  to   space 1024K, 0% used [0x00000000d5a80000,0x00000000d5a80000,0x00000000d5b80000)
 ParOldGen       total 951808K, used 951759K [0x0000000080000000, 0x00000000ba180000, 0x00000000d5580000)
  object space 951808K, 99% used [0x0000000080000000,0x00000000ba173c20,0x00000000ba180000)
 Metaspace       used 91847K, committed 93760K, reserved 1179648K
  class space    used 9159K, committed 10112K, reserved 1048576K
}
Event: 1716.638 GC heap after
{Heap after GC invocations=2615 (full 5):
 PSYoungGen      total 5120K, used 816K [0x00000000d5580000, 0x00000000d5c00000, 0x0000000100000000)
  eden space 4096K, 0% used [0x00000000d5580000,0x00000000d5580000,0x00000000d5980000)
  from space 1024K, 79% used [0x00000000d5a80000,0x00000000d5b4c010,0x00000000d5b80000)
  to   space 1024K, 0% used [0x00000000d5980000,0x00000000d5980000,0x00000000d5a80000)
 ParOldGen       total 952320K, used 952298K [0x0000000080000000, 0x00000000ba200000, 0x00000000d5580000)
  object space 952320K, 99% used [0x0000000080000000,0x00000000ba1faae0,0x00000000ba200000)
 Metaspace       used 91847K, committed 93760K, reserved 1179648K
  class space    used 9159K, committed 10112K, reserved 1048576K
}
Event: 1716.640 GC heap before
{Heap before GC invocations=2616 (full 5):
 PSYoungGen      total 5120K, used 4912K [0x00000000d5580000, 0x00000000d5c00000, 0x0000000100000000)
  eden space 4096K, 99% used [0x00000000d5580000,0x00000000d597fff8,0x00000000d5980000)
  from space 1024K, 79% used [0x00000000d5a80000,0x00000000d5b4c010,0x00000000d5b80000)
  to   space 1024K, 0% used [0x00000000d5980000,0x00000000d5980000,0x00000000d5a80000)
 ParOldGen       total 952320K, used 952298K [0x0000000080000000, 0x00000000ba200000, 0x00000000d5580000)
  object space 952320K, 99% used [0x0000000080000000,0x00000000ba1faae0,0x00000000ba200000)
 Metaspace       used 91847K, committed 93760K, reserved 1179648K
  class space    used 9159K, committed 10112K, reserved 1048576K
}
Event: 1716.641 GC heap after
{Heap after GC invocations=2616 (full 5):
 PSYoungGen      total 5120K, used 928K [0x00000000d5580000, 0x00000000d5c80000, 0x0000000100000000)
  eden space 4096K, 0% used [0x00000000d5580000,0x00000000d5580000,0x00000000d5980000)
  from space 1024K, 90% used [0x00000000d5980000,0x00000000d5a68000,0x00000000d5a80000)
  to   space 1024K, 0% used [0x00000000d5b80000,0x00000000d5b80000,0x00000000d5c80000)
 ParOldGen       total 953344K, used 952950K [0x0000000080000000, 0x00000000ba300000, 0x00000000d5580000)
  object space 953344K, 99% used [0x0000000080000000,0x00000000ba29dab0,0x00000000ba300000)
 Metaspace       used 91847K, committed 93760K, reserved 1179648K
  class space    used 9159K, committed 10112K, reserved 1048576K
}
Event: 1716.645 GC heap before
{Heap before GC invocations=2617 (full 5):
 PSYoungGen      total 5120K, used 5023K [0x00000000d5580000, 0x00000000d5c80000, 0x0000000100000000)
  eden space 4096K, 99% used [0x00000000d5580000,0x00000000d597fff0,0x00000000d5980000)
  from space 1024K, 90% used [0x00000000d5980000,0x00000000d5a68000,0x00000000d5a80000)
  to   space 1024K, 0% used [0x00000000d5b80000,0x00000000d5b80000,0x00000000d5c80000)
 ParOldGen       total 953344K, used 952950K [0x0000000080000000, 0x00000000ba300000, 0x00000000d5580000)
  object space 953344K, 99% used [0x0000000080000000,0x00000000ba29dab0,0x00000000ba300000)
 Metaspace       used 91847K, committed 93760K, reserved 1179648K
  class space    used 9159K, committed 10112K, reserved 1048576K
}
Event: 1716.646 GC heap after
{Heap after GC invocations=2617 (full 5):
 PSYoungGen      total 5120K, used 1024K [0x00000000d5580000, 0x00000000d5e80000, 0x0000000100000000)
  eden space 4096K, 0% used [0x00000000d5580000,0x00000000d5580000,0x00000000d5980000)
  from space 1024K, 100% used [0x00000000d5b80000,0x00000000d5c80000,0x00000000d5c80000)
  to   space 2048K, 0% used [0x00000000d5980000,0x00000000d5980000,0x00000000d5b80000)
 ParOldGen       total 953856K, used 953661K [0x0000000080000000, 0x00000000ba380000, 0x00000000d5580000)
  object space 953856K, 99% used [0x0000000080000000,0x00000000ba34f728,0x00000000ba380000)
 Metaspace       used 91847K, committed 93760K, reserved 1179648K
  class space    used 9159K, committed 10112K, reserved 1048576K
}
Event: 1716.651 GC heap before
{Heap before GC invocations=2618 (full 5):
 PSYoungGen      total 5120K, used 5120K [0x00000000d5580000, 0x00000000d5e80000, 0x0000000100000000)
  eden space 4096K, 100% used [0x00000000d5580000,0x00000000d5980000,0x00000000d5980000)
  from space 1024K, 100% used [0x00000000d5b80000,0x00000000d5c80000,0x00000000d5c80000)
  to   space 2048K, 0% used [0x00000000d5980000,0x00000000d5980000,0x00000000d5b80000)
 ParOldGen       total 953856K, used 953661K [0x0000000080000000, 0x00000000ba380000, 0x00000000d5580000)
  object space 953856K, 99% used [0x0000000080000000,0x00000000ba34f760,0x00000000ba380000)
 Metaspace       used 91847K, committed 93760K, reserved 1179648K
  class space    used 9159K, committed 10112K, reserved 1048576K
}
Event: 1716.652 GC heap after
{Heap after GC invocations=2618 (full 5):
 PSYoungGen      total 6144K, used 1040K [0x00000000d5580000, 0x00000000d5d80000, 0x0000000100000000)
  eden space 4096K, 0% used [0x00000000d5580000,0x00000000d5580000,0x00000000d5980000)
  from space 2048K, 50% used [0x00000000d5980000,0x00000000d5a84010,0x00000000d5b80000)
  to   space 1536K, 0% used [0x00000000d5c00000,0x00000000d5c00000,0x00000000d5d80000)
 ParOldGen       total 954880K, used 954574K [0x0000000080000000, 0x00000000ba480000, 0x00000000d5580000)
  object space 954880K, 99% used [0x0000000080000000,0x00000000ba433968,0x00000000ba480000)
 Metaspace       used 91847K, committed 93760K, reserved 1179648K
  class space    used 9159K, committed 10112K, reserved 1048576K
}
Event: 1716.660 GC heap before
{Heap before GC invocations=2619 (full 5):
 PSYoungGen      total 6144K, used 5136K [0x00000000d5580000, 0x00000000d5d80000, 0x0000000100000000)
  eden space 4096K, 99% used [0x00000000d5580000,0x00000000d597fff8,0x00000000d5980000)
  from space 2048K, 50% used [0x00000000d5980000,0x00000000d5a84010,0x00000000d5b80000)
  to   space 1536K, 0% used [0x00000000d5c00000,0x00000000d5c00000,0x00000000d5d80000)
 ParOldGen       total 954880K, used 954576K [0x0000000080000000, 0x00000000ba480000, 0x00000000d5580000)
  object space 954880K, 99% used [0x0000000080000000,0x00000000ba434148,0x00000000ba480000)
 Metaspace       used 91869K, committed 93760K, reserved 1179648K
  class space    used 9162K, committed 10112K, reserved 1048576K
}
Event: 1716.661 GC heap after
{Heap after GC invocations=2619 (full 5):
 PSYoungGen      total 6656K, used 992K [0x00000000d5580000, 0x00000000d5d80000, 0x0000000100000000)
  eden space 5120K, 0% used [0x00000000d5580000,0x00000000d5580000,0x00000000d5a80000)
  from space 1536K, 64% used [0x00000000d5c00000,0x00000000d5cf8000,0x00000000d5d80000)
  to   space 1536K, 0% used [0x00000000d5a80000,0x00000000d5a80000,0x00000000d5c00000)
 ParOldGen       total 955392K, used 955389K [0x0000000080000000, 0x00000000ba500000, 0x00000000d5580000)
  object space 955392K, 99% used [0x0000000080000000,0x00000000ba4ff7f8,0x00000000ba500000)
 Metaspace       used 91869K, committed 93760K, reserved 1179648K
  class space    used 9162K, committed 10112K, reserved 1048576K
}
Event: 1716.674 GC heap before
{Heap before GC invocations=2620 (full 5):
 PSYoungGen      total 6656K, used 6112K [0x00000000d5580000, 0x00000000d5d80000, 0x0000000100000000)
  eden space 5120K, 100% used [0x00000000d5580000,0x00000000d5a80000,0x00000000d5a80000)
  from space 1536K, 64% used [0x00000000d5c00000,0x00000000d5cf8000,0x00000000d5d80000)
  to   space 1536K, 0% used [0x00000000d5a80000,0x00000000d5a80000,0x00000000d5c00000)
 ParOldGen       total 955392K, used 955389K [0x0000000080000000, 0x00000000ba500000, 0x00000000d5580000)
  object space 955392K, 99% used [0x0000000080000000,0x00000000ba4ff7f8,0x00000000ba500000)
 Metaspace       used 91869K, committed 93760K, reserved 1179648K
  class space    used 9162K, committed 10112K, reserved 1048576K
}
Event: 1716.677 GC heap after
{Heap after GC invocations=2620 (full 5):
 PSYoungGen      total 6656K, used 352K [0x00000000d5580000, 0x00000000d5d80000, 0x0000000100000000)
  eden space 5120K, 0% used [0x00000000d5580000,0x00000000d5580000,0x00000000d5a80000)
  from space 1536K, 22% used [0x00000000d5a80000,0x00000000d5ad8000,0x00000000d5c00000)
  to   space 1024K, 0% used [0x00000000d5c80000,0x00000000d5c80000,0x00000000d5d80000)
 ParOldGen       total 955904K, used 955783K [0x0000000080000000, 0x00000000ba580000, 0x00000000d5580000)
  object space 955904K, 99% used [0x0000000080000000,0x00000000ba561f88,0x00000000ba580000)
 Metaspace       used 91869K, committed 93760K, reserved 1179648K
  class space    used 9162K, committed 10112K, reserved 1048576K
}
Event: 1716.692 GC heap before
{Heap before GC invocations=2621 (full 5):
 PSYoungGen      total 6656K, used 5472K [0x00000000d5580000, 0x00000000d5d80000, 0x0000000100000000)
  eden space 5120K, 100% used [0x00000000d5580000,0x00000000d5a80000,0x00000000d5a80000)
  from space 1536K, 22% used [0x00000000d5a80000,0x00000000d5ad8000,0x00000000d5c00000)
  to   space 1024K, 0% used [0x00000000d5c80000,0x00000000d5c80000,0x00000000d5d80000)
 ParOldGen       total 955904K, used 955783K [0x0000000080000000, 0x00000000ba580000, 0x00000000d5580000)
  object space 955904K, 99% used [0x0000000080000000,0x00000000ba561f88,0x00000000ba580000)
 Metaspace       used 91883K, committed 93760K, reserved 1179648K
  class space    used 9162K, committed 10112K, reserved 1048576K
}
Event: 1716.693 GC heap after
{Heap after GC invocations=2621 (full 5):
 PSYoungGen      total 6144K, used 560K [0x00000000d5580000, 0x00000000d5d80000, 0x0000000100000000)
  eden space 5120K, 0% used [0x00000000d5580000,0x00000000d5580000,0x00000000d5a80000)
  from space 1024K, 54% used [0x00000000d5c80000,0x00000000d5d0c010,0x00000000d5d80000)
  to   space 1024K, 0% used [0x00000000d5b80000,0x00000000d5b80000,0x00000000d5c80000)
 ParOldGen       total 955904K, used 955847K [0x0000000080000000, 0x00000000ba580000, 0x00000000d5580000)
  object space 955904K, 99% used [0x0000000080000000,0x00000000ba571f88,0x00000000ba580000)
 Metaspace       used 91883K, committed 93760K, reserved 1179648K
  class space    used 9162K, committed 10112K, reserved 1048576K
}
Event: 1716.700 GC heap before
{Heap before GC invocations=2622 (full 5):
 PSYoungGen      total 6144K, used 5678K [0x00000000d5580000, 0x00000000d5d80000, 0x0000000100000000)
  eden space 5120K, 99% used [0x00000000d5580000,0x00000000d5a7fb90,0x00000000d5a80000)
  from space 1024K, 54% used [0x00000000d5c80000,0x00000000d5d0c010,0x00000000d5d80000)
  to   space 1024K, 0% used [0x00000000d5b80000,0x00000000d5b80000,0x00000000d5c80000)
 ParOldGen       total 955904K, used 955847K [0x0000000080000000, 0x00000000ba580000, 0x00000000d5580000)
  object space 955904K, 99% used [0x0000000080000000,0x00000000ba571f88,0x00000000ba580000)
 Metaspace       used 91884K, committed 93760K, reserved 1179648K
  class space    used 9162K, committed 10112K, reserved 1048576K
}
Event: 1716.701 GC heap after
{Heap after GC invocations=2622 (full 5):
 PSYoungGen      total 6144K, used 720K [0x00000000d5580000, 0x00000000d5d00000, 0x0000000100000000)
  eden space 5120K, 0% used [0x00000000d5580000,0x00000000d5580000,0x00000000d5a80000)
  from space 1024K, 70% used [0x00000000d5b80000,0x00000000d5c34010,0x00000000d5c80000)
  to   space 512K, 0% used [0x00000000d5c80000,0x00000000d5c80000,0x00000000d5d00000)
 ParOldGen       total 956416K, used 955919K [0x0000000080000000, 0x00000000ba600000, 0x00000000d5580000)
  object space 956416K, 99% used [0x0000000080000000,0x00000000ba583f88,0x00000000ba600000)
 Metaspace       used 91884K, committed 93760K, reserved 1179648K
  class space    used 9162K, committed 10112K, reserved 1048576K
}
Event: 1716.715 GC heap before
{Heap before GC invocations=2623 (full 5):
 PSYoungGen      total 6144K, used 5840K [0x00000000d5580000, 0x00000000d5d00000, 0x0000000100000000)
  eden space 5120K, 100% used [0x00000000d5580000,0x00000000d5a80000,0x00000000d5a80000)
  from space 1024K, 70% used [0x00000000d5b80000,0x00000000d5c34010,0x00000000d5c80000)
  to   space 512K, 0% used [0x00000000d5c80000,0x00000000d5c80000,0x00000000d5d00000)
 ParOldGen       total 956416K, used 955919K [0x0000000080000000, 0x00000000ba600000, 0x00000000d5580000)
  object space 956416K, 99% used [0x0000000080000000,0x00000000ba583f88,0x00000000ba600000)
 Metaspace       used 91884K, committed 93760K, reserved 1179648K
  class space    used 9162K, committed 10112K, reserved 1048576K
}
Event: 1716.717 GC heap after
{Heap after GC invocations=2623 (full 5):
 PSYoungGen      total 5632K, used 512K [0x00000000d5580000, 0x00000000d5d00000, 0x0000000100000000)
  eden space 5120K, 0% used [0x00000000d5580000,0x00000000d5580000,0x00000000d5a80000)
  from space 512K, 100% used [0x00000000d5c80000,0x00000000d5d00000,0x00000000d5d00000)
  to   space 1024K, 0% used [0x00000000d5b00000,0x00000000d5b00000,0x00000000d5c00000)
 ParOldGen       total 956416K, used 956175K [0x0000000080000000, 0x00000000ba600000, 0x00000000d5580000)
  object space 956416K, 99% used [0x0000000080000000,0x00000000ba5c3fa8,0x00000000ba600000)
 Metaspace       used 91884K, committed 93760K, reserved 1179648K
  class space    used 9162K, committed 10112K, reserved 1048576K
}
Event: 1716.730 GC heap before
{Heap before GC invocations=2624 (full 5):
 PSYoungGen      total 5632K, used 5632K [0x00000000d5580000, 0x00000000d5d00000, 0x0000000100000000)
  eden space 5120K, 100% used [0x00000000d5580000,0x00000000d5a80000,0x00000000d5a80000)
  from space 512K, 100% used [0x00000000d5c80000,0x00000000d5d00000,0x00000000d5d00000)
  to   space 1024K, 0% used [0x00000000d5b00000,0x00000000d5b00000,0x00000000d5c00000)
 ParOldGen       total 956416K, used 956175K [0x0000000080000000, 0x00000000ba600000, 0x00000000d5580000)
  object space 956416K, 99% used [0x0000000080000000,0x00000000ba5c3fa8,0x00000000ba600000)
 Metaspace       used 91884K, committed 93760K, reserved 1179648K
  class space    used 9162K, committed 10112K, reserved 1048576K
}
Event: 1716.732 GC heap after
{Heap after GC invocations=2624 (full 5):
 PSYoungGen      total 6144K, used 928K [0x00000000d5580000, 0x00000000d5d00000, 0x0000000100000000)
  eden space 5120K, 0% used [0x00000000d5580000,0x00000000d5580000,0x00000000d5a80000)
  from space 1024K, 90% used [0x00000000d5b00000,0x00000000d5be8000,0x00000000d5c00000)
  to   space 1024K, 0% used [0x00000000d5c00000,0x00000000d5c00000,0x00000000d5d00000)
 ParOldGen       total 956928K, used 956688K [0x0000000080000000, 0x00000000ba680000, 0x00000000d5580000)
  object space 956928K, 99% used [0x0000000080000000,0x00000000ba6441c0,0x00000000ba680000)
 Metaspace       used 91884K, committed 93760K, reserved 1179648K
  class space    used 9162K, committed 10112K, reserved 1048576K
}

