# JRE version: OpenJDK Runtime Environment Temurin-21.0.9+10 (21.0.9+10) (build 21.0.9+10-LTS)
# Java VM: OpenJDK 64-Bit Server VM Temurin-21.0.9+10 (21.0.9+10-LTS, mixed mode, sharing, tiered, compressed oops, compressed class ptrs, parallel gc, windows-amd64)
GC Precious Log:
 CardTable entry size: 512
 CPUs: 16 total, 16 available
 Memory: 15763M
 Large Page Support: Disabled
 NUMA Support: Disabled
 Compressed Oops: Enabled (32-bit)
 Alignments: Space 512K, Generation 512K, Heap 2M
 Heap Min Capacity: 100M
 Heap Initial Capacity: 100M
 Heap Max Capacity: 2G
 Pre-touch: Disabled
 Parallel Workers: 13
Heap:
 PSYoungGen      total 17408K, used 11971K [0x00000000d5580000, 0x00000000d6b80000, 0x0000000100000000)
  eden space 14848K, 72% used [0x00000000d5580000,0x00000000d6000ee8,0x00000000d6400000)
  from space 2560K, 47% used [0x00000000d6700000,0x00000000d6830000,0x00000000d6980000)
  to   space 1536K, 0% used [0x00000000d6a00000,0x00000000d6a00000,0x00000000d6b80000)
 ParOldGen       total 94720K, used 53288K [0x0000000080000000, 0x0000000085c80000, 0x00000000d5580000)
  object space 94720K, 56% used [0x0000000080000000,0x000000008340a0a8,0x0000000085c80000)
 Metaspace       used 76856K, committed 78528K, reserved 1179648K
  class space    used 7877K, committed 8640K, reserved 1048576K
GC Heap History (20 events):
Event: 159.219 GC heap before
{Heap before GC invocations=78 (full 3):
 PSYoungGen      total 15360K, used 15136K [0x00000000d5580000, 0x00000000d6800000, 0x0000000100000000)
  eden space 14848K, 100% used [0x00000000d5580000,0x00000000d6400000,0x00000000d6400000)
  from space 512K, 56% used [0x00000000d6780000,0x00000000d67c8000,0x00000000d6800000)
  to   space 1536K, 0% used [0x00000000d6500000,0x00000000d6500000,0x00000000d6680000)
 ParOldGen       total 90624K, used 90292K [0x0000000080000000, 0x0000000085880000, 0x00000000d5580000)
  object space 90624K, 99% used [0x0000000080000000,0x000000008582d200,0x0000000085880000)
 Metaspace       used 76251K, committed 77888K, reserved 1179648K
  class space    used 7834K, committed 8576K, reserved 1048576K
}
Event: 159.219 GC heap after
{Heap after GC invocations=78 (full 3):
 PSYoungGen      total 16384K, used 416K [0x00000000d5580000, 0x00000000d6800000, 0x0000000100000000)
  eden space 14848K, 0% used [0x00000000d5580000,0x00000000d5580000,0x00000000d6400000)
  from space 1536K, 27% used [0x00000000d6500000,0x00000000d6568000,0x00000000d6680000)
  to   space 1024K, 0% used [0x00000000d6700000,0x00000000d6700000,0x00000000d6800000)
 ParOldGen       total 90624K, used 90324K [0x0000000080000000, 0x0000000085880000, 0x00000000d5580000)
  object space 90624K, 99% used [0x0000000080000000,0x0000000085835200,0x0000000085880000)
 Metaspace       used 76251K, committed 77888K, reserved 1179648K
  class space    used 7834K, committed 8576K, reserved 1048576K
}
Event: 167.414 GC heap before
{Heap before GC invocations=79 (full 3):
 PSYoungGen      total 16384K, used 15264K [0x00000000d5580000, 0x00000000d6800000, 0x0000000100000000)
  eden space 14848K, 100% used [0x00000000d5580000,0x00000000d6400000,0x00000000d6400000)
  from space 1536K, 27% used [0x00000000d6500000,0x00000000d6568000,0x00000000d6680000)
  to   space 1024K, 0% used [0x00000000d6700000,0x00000000d6700000,0x00000000d6800000)
 ParOldGen       total 90624K, used 90324K [0x0000000080000000, 0x0000000085880000, 0x00000000d5580000)
  object space 90624K, 99% used [0x0000000080000000,0x0000000085835200,0x0000000085880000)
 Metaspace       used 76278K, committed 78016K, reserved 1179648K
  class space    used 7836K, committed 8640K, reserved 1048576K
}
Event: 167.414 GC heap after
{Heap after GC invocations=79 (full 3):
 PSYoungGen      total 15360K, used 320K [0x00000000d5580000, 0x00000000d6780000, 0x0000000100000000)
  eden space 14848K, 0% used [0x00000000d5580000,0x00000000d5580000,0x00000000d6400000)
  from space 512K, 62% used [0x00000000d6700000,0x00000000d6750000,0x00000000d6780000)
  to   space 512K, 0% used [0x00000000d6680000,0x00000000d6680000,0x00000000d6700000)
 ParOldGen       total 90624K, used 90420K [0x0000000080000000, 0x0000000085880000, 0x00000000d5580000)
  object space 90624K, 99% used [0x0000000080000000,0x000000008584d200,0x0000000085880000)
 Metaspace       used 76278K, committed 78016K, reserved 1179648K
  class space    used 7836K, committed 8640K, reserved 1048576K
}
Event: 193.257 GC heap before
{Heap before GC invocations=80 (full 3):
 PSYoungGen      total 15360K, used 15168K [0x00000000d5580000, 0x00000000d6780000, 0x0000000100000000)
  eden space 14848K, 100% used [0x00000000d5580000,0x00000000d6400000,0x00000000d6400000)
  from space 512K, 62% used [0x00000000d6700000,0x00000000d6750000,0x00000000d6780000)
  to   space 512K, 0% used [0x00000000d6680000,0x00000000d6680000,0x00000000d6700000)
 ParOldGen       total 90624K, used 90420K [0x0000000080000000, 0x0000000085880000, 0x00000000d5580000)
  object space 90624K, 99% used [0x0000000080000000,0x000000008584d200,0x0000000085880000)
 Metaspace       used 76294K, committed 78016K, reserved 1179648K
  class space    used 7837K, committed 8640K, reserved 1048576K
}
Event: 193.258 GC heap after
{Heap after GC invocations=80 (full 3):
 PSYoungGen      total 15360K, used 512K [0x00000000d5580000, 0x00000000d6c00000, 0x0000000100000000)
  eden space 14848K, 0% used [0x00000000d5580000,0x00000000d5580000,0x00000000d6400000)
  from space 512K, 100% used [0x00000000d6680000,0x00000000d6700000,0x00000000d6700000)
  to   space 4096K, 0% used [0x00000000d6800000,0x00000000d6800000,0x00000000d6c00000)
 ParOldGen       total 93696K, used 93338K [0x0000000080000000, 0x0000000085b80000, 0x00000000d5580000)
  object space 93696K, 99% used [0x0000000080000000,0x0000000085b26b60,0x0000000085b80000)
 Metaspace       used 76294K, committed 78016K, reserved 1179648K
  class space    used 7837K, committed 8640K, reserved 1048576K
}
Event: 209.458 GC heap before
{Heap before GC invocations=81 (full 3):
 PSYoungGen      total 15360K, used 15360K [0x00000000d5580000, 0x00000000d6c00000, 0x0000000100000000)
  eden space 14848K, 100% used [0x00000000d5580000,0x00000000d6400000,0x00000000d6400000)
  from space 512K, 100% used [0x00000000d6680000,0x00000000d6700000,0x00000000d6700000)
  to   space 4096K, 0% used [0x00000000d6800000,0x00000000d6800000,0x00000000d6c00000)
 ParOldGen       total 93696K, used 93338K [0x0000000080000000, 0x0000000085b80000, 0x00000000d5580000)
  object space 93696K, 99% used [0x0000000080000000,0x0000000085b26b60,0x0000000085b80000)
 Metaspace       used 76339K, committed 78080K, reserved 1179648K
  class space    used 7838K, committed 8640K, reserved 1048576K
}
Event: 209.458 GC heap after
{Heap after GC invocations=81 (full 3):
 PSYoungGen      total 15872K, used 960K [0x00000000d5580000, 0x00000000d6900000, 0x0000000100000000)
  eden space 14848K, 0% used [0x00000000d5580000,0x00000000d5580000,0x00000000d6400000)
  from space 1024K, 93% used [0x00000000d6800000,0x00000000d68f0020,0x00000000d6900000)
  to   space 2048K, 0% used [0x00000000d6500000,0x00000000d6500000,0x00000000d6700000)
 ParOldGen       total 94208K, used 93879K [0x0000000080000000, 0x0000000085c00000, 0x00000000d5580000)
  object space 94208K, 99% used [0x0000000080000000,0x0000000085bade28,0x0000000085c00000)
 Metaspace       used 76339K, committed 78080K, reserved 1179648K
  class space    used 7838K, committed 8640K, reserved 1048576K
}
Event: 209.938 GC heap before
{Heap before GC invocations=82 (full 3):
 PSYoungGen      total 15872K, used 15808K [0x00000000d5580000, 0x00000000d6900000, 0x0000000100000000)
  eden space 14848K, 100% used [0x00000000d5580000,0x00000000d6400000,0x00000000d6400000)
  from space 1024K, 93% used [0x00000000d6800000,0x00000000d68f0020,0x00000000d6900000)
  to   space 2048K, 0% used [0x00000000d6500000,0x00000000d6500000,0x00000000d6700000)
 ParOldGen       total 94208K, used 93879K [0x0000000080000000, 0x0000000085c00000, 0x00000000d5580000)
  object space 94208K, 99% used [0x0000000080000000,0x0000000085bade28,0x0000000085c00000)
 Metaspace       used 76405K, committed 78144K, reserved 1179648K
  class space    used 7839K, committed 8640K, reserved 1048576K
}
Event: 209.938 GC heap after
{Heap after GC invocations=82 (full 3):
 PSYoungGen      total 16896K, used 1008K [0x00000000d5580000, 0x00000000d6880000, 0x0000000100000000)
  eden space 14848K, 0% used [0x00000000d5580000,0x00000000d5580000,0x00000000d6400000)
  from space 2048K, 49% used [0x00000000d6500000,0x00000000d65fc010,0x00000000d6700000)
  to   space 1536K, 0% used [0x00000000d6700000,0x00000000d6700000,0x00000000d6880000)
 ParOldGen       total 94720K, used 94469K [0x0000000080000000, 0x0000000085c80000, 0x00000000d5580000)
  object space 94720K, 99% used [0x0000000080000000,0x0000000085c416b8,0x0000000085c80000)
 Metaspace       used 76405K, committed 78144K, reserved 1179648K
  class space    used 7839K, committed 8640K, reserved 1048576K
}
Event: 210.134 GC heap before
{Heap before GC invocations=83 (full 3):
 PSYoungGen      total 16896K, used 14387K [0x00000000d5580000, 0x00000000d6880000, 0x0000000100000000)
  eden space 14848K, 90% used [0x00000000d5580000,0x00000000d6290d70,0x00000000d6400000)
  from space 2048K, 49% used [0x00000000d6500000,0x00000000d65fc010,0x00000000d6700000)
  to   space 1536K, 0% used [0x00000000d6700000,0x00000000d6700000,0x00000000d6880000)
 ParOldGen       total 94720K, used 94469K [0x0000000080000000, 0x0000000085c80000, 0x00000000d5580000)
  object space 94720K, 99% used [0x0000000080000000,0x0000000085c416b8,0x0000000085c80000)
 Metaspace       used 76427K, committed 78144K, reserved 1179648K
  class space    used 7839K, committed 8640K, reserved 1048576K
}
Event: 210.135 GC heap after
{Heap after GC invocations=83 (full 3):
 PSYoungGen      total 16384K, used 1387K [0x00000000d5580000, 0x00000000d6880000, 0x0000000100000000)
  eden space 14848K, 0% used [0x00000000d5580000,0x00000000d5580000,0x00000000d6400000)
  from space 1536K, 90% used [0x00000000d6700000,0x00000000d685ad20,0x00000000d6880000)
  to   space 1536K, 0% used [0x00000000d6580000,0x00000000d6580000,0x00000000d6700000)
 ParOldGen       total 94720K, used 94611K [0x0000000080000000, 0x0000000085c80000, 0x00000000d5580000)
  object space 94720K, 99% used [0x0000000080000000,0x0000000085c64d10,0x0000000085c80000)
 Metaspace       used 76427K, committed 78144K, reserved 1179648K
  class space    used 7839K, committed 8640K, reserved 1048576K
}
Event: 210.135 GC heap before
{Heap before GC invocations=84 (full 4):
 PSYoungGen      total 16384K, used 1387K [0x00000000d5580000, 0x00000000d6880000, 0x0000000100000000)
  eden space 14848K, 0% used [0x00000000d5580000,0x00000000d5580000,0x00000000d6400000)
  from space 1536K, 90% used [0x00000000d6700000,0x00000000d685ad20,0x00000000d6880000)
  to   space 1536K, 0% used [0x00000000d6580000,0x00000000d6580000,0x00000000d6700000)
 ParOldGen       total 94720K, used 94611K [0x0000000080000000, 0x0000000085c80000, 0x00000000d5580000)
  object space 94720K, 99% used [0x0000000080000000,0x0000000085c64d10,0x0000000085c80000)
 Metaspace       used 76427K, committed 78144K, reserved 1179648K
  class space    used 7839K, committed 8640K, reserved 1048576K
}
Event: 210.201 GC heap after
{Heap after GC invocations=84 (full 4):
 PSYoungGen      total 16384K, used 0K [0x00000000d5580000, 0x00000000d6880000, 0x0000000100000000)
  eden space 14848K, 0% used [0x00000000d5580000,0x00000000d5580000,0x00000000d6400000)
  from space 1536K, 0% used [0x00000000d6700000,0x00000000d6700000,0x00000000d6880000)
  to   space 1536K, 0% used [0x00000000d6580000,0x00000000d6580000,0x00000000d6700000)
 ParOldGen       total 94720K, used 48696K [0x0000000080000000, 0x0000000085c80000, 0x00000000d5580000)
  object space 94720K, 51% used [0x0000000080000000,0x0000000082f8e2e0,0x0000000085c80000)
 Metaspace       used 76419K, committed 78144K, reserved 1179648K
  class space    used 7836K, committed 8640K, reserved 1048576K
}
Event: 211.093 GC heap before
{Heap before GC invocations=85 (full 4):
 PSYoungGen      total 16384K, used 14848K [0x00000000d5580000, 0x00000000d6880000, 0x0000000100000000)
  eden space 14848K, 100% used [0x00000000d5580000,0x00000000d6400000,0x00000000d6400000)
  from space 1536K, 0% used [0x00000000d6700000,0x00000000d6700000,0x00000000d6880000)
  to   space 1536K, 0% used [0x00000000d6580000,0x00000000d6580000,0x00000000d6700000)
 ParOldGen       total 94720K, used 48696K [0x0000000080000000, 0x0000000085c80000, 0x00000000d5580000)
  object space 94720K, 51% used [0x0000000080000000,0x0000000082f8e2e0,0x0000000085c80000)
 Metaspace       used 76437K, committed 78144K, reserved 1179648K
  class space    used 7836K, committed 8640K, reserved 1048576K
}
Event: 211.094 GC heap after
{Heap after GC invocations=85 (full 4):
 PSYoungGen      total 16384K, used 1525K [0x00000000d5580000, 0x00000000d7200000, 0x0000000100000000)
  eden space 14848K, 0% used [0x00000000d5580000,0x00000000d5580000,0x00000000d6400000)
  from space 1536K, 99% used [0x00000000d6580000,0x00000000d66fd740,0x00000000d6700000)
  to   space 7168K, 0% used [0x00000000d6b00000,0x00000000d6b00000,0x00000000d7200000)
 ParOldGen       total 94720K, used 53064K [0x0000000080000000, 0x0000000085c80000, 0x00000000d5580000)
  object space 94720K, 56% used [0x0000000080000000,0x00000000833d22e0,0x0000000085c80000)
 Metaspace       used 76437K, committed 78144K, reserved 1179648K
  class space    used 7836K, committed 8640K, reserved 1048576K
}
Event: 211.335 GC heap before
{Heap before GC invocations=86 (full 4):
 PSYoungGen      total 16384K, used 16373K [0x00000000d5580000, 0x00000000d7200000, 0x0000000100000000)
  eden space 14848K, 100% used [0x00000000d5580000,0x00000000d6400000,0x00000000d6400000)
  from space 1536K, 99% used [0x00000000d6580000,0x00000000d66fd740,0x00000000d6700000)
  to   space 7168K, 0% used [0x00000000d6b00000,0x00000000d6b00000,0x00000000d7200000)
 ParOldGen       total 94720K, used 53064K [0x0000000080000000, 0x0000000085c80000, 0x00000000d5580000)
  object space 94720K, 56% used [0x0000000080000000,0x00000000833d22e0,0x0000000085c80000)
 Metaspace       used 76453K, committed 78144K, reserved 1179648K
  class space    used 7836K, committed 8640K, reserved 1048576K
}
Event: 211.336 GC heap after
{Heap after GC invocations=86 (full 4):
 PSYoungGen      total 15872K, used 512K [0x00000000d5580000, 0x00000000d6c00000, 0x0000000100000000)
  eden space 14848K, 0% used [0x00000000d5580000,0x00000000d5580000,0x00000000d6400000)
  from space 1024K, 50% used [0x00000000d6b00000,0x00000000d6b80020,0x00000000d6c00000)
  to   space 2560K, 0% used [0x00000000d6700000,0x00000000d6700000,0x00000000d6980000)
 ParOldGen       total 94720K, used 53152K [0x0000000080000000, 0x0000000085c80000, 0x00000000d5580000)
  object space 94720K, 56% used [0x0000000080000000,0x00000000833e80a8,0x0000000085c80000)
 Metaspace       used 76453K, committed 78144K, reserved 1179648K
  class space    used 7836K, committed 8640K, reserved 1048576K
}
Event: 308.519 GC heap before
{Heap before GC invocations=87 (full 4):
 PSYoungGen      total 15872K, used 15360K [0x00000000d5580000, 0x00000000d6c00000, 0x0000000100000000)
  eden space 14848K, 100% used [0x00000000d5580000,0x00000000d6400000,0x00000000d6400000)
  from space 1024K, 50% used [0x00000000d6b00000,0x00000000d6b80020,0x00000000d6c00000)
  to   space 2560K, 0% used [0x00000000d6700000,0x00000000d6700000,0x00000000d6980000)
 ParOldGen       total 94720K, used 53152K [0x0000000080000000, 0x0000000085c80000, 0x00000000d5580000)
  object space 94720K, 56% used [0x0000000080000000,0x00000000833e80a8,0x0000000085c80000)
 Metaspace       used 76717K, committed 78400K, reserved 1179648K
  class space    used 7864K, committed 8640K, reserved 1048576K
}
Event: 308.519 GC heap after
{Heap after GC invocations=87 (full 4):
 PSYoungGen      total 17408K, used 1216K [0x00000000d5580000, 0x00000000d6b80000, 0x0000000100000000)
  eden space 14848K, 0% used [0x00000000d5580000,0x00000000d5580000,0x00000000d6400000)
  from space 2560K, 47% used [0x00000000d6700000,0x00000000d6830000,0x00000000d6980000)
  to   space 1536K, 0% used [0x00000000d6a00000,0x00000000d6a00000,0x00000000d6b80000)
 ParOldGen       total 94720K, used 53288K [0x0000000080000000, 0x0000000085c80000, 0x00000000d5580000)
  object space 94720K, 56% used [0x0000000080000000,0x000000008340a0a8,0x0000000085c80000)
 Metaspace       used 76717K, committed 78400K, reserved 1179648K
  class space    used 7864K, committed 8640K, reserved 1048576K
}

