# JRE version: OpenJDK Runtime Environment Temurin-21.0.9+10 (21.0.9+10) (build 21.0.9+10-LTS)
# Java VM: OpenJDK 64-Bit Server VM Temurin-21.0.9+10 (21.0.9+10-LTS, mixed mode, sharing, tiered, compressed oops, compressed class ptrs, parallel gc, windows-amd64)
GC Precious Log:
 CardTable entry size: 512
 CPUs: 16 total, 16 available
 Memory: 15763M
 Large Page Support: Disabled
 NUMA Support: Disabled
 Compressed Oops: Enabled (32-bit)
 Alignments: Space 512K, Generation 512K, Heap 2M
 Heap Min Capacity: 100M
 Heap Initial Capacity: 100M
 Heap Max Capacity: 2G
 Pre-touch: Disabled
 Parallel Workers: 13
Heap:
 PSYoungGen      total 5120K, used 4672K [0x00000000d5580000, 0x00000000d5c80000, 0x0000000100000000)
  eden space 4096K, 100% used [0x00000000d5580000,0x00000000d5980000,0x00000000d5980000)
  from space 1024K, 56% used [0x00000000d5b80000,0x00000000d5c10000,0x00000000d5c80000)
  to   space 1024K, 37% used [0x00000000d5a80000,0x00000000d5ae0000,0x00000000d5b80000)
 ParOldGen       total 955392K, used 955388K [0x0000000080000000, 0x00000000ba500000, 0x00000000d5580000)
  object space 955392K, 99% used [0x0000000080000000,0x00000000ba4ff208,0x00000000ba500000)
 Metaspace       used 98046K, committed 99904K, reserved 1179648K
  class space    used 9995K, committed 10880K, reserved 1048576K
GC Heap History (20 events):
Event: 1502.390 GC heap before
{Heap before GC invocations=2338 (full 5):
 PSYoungGen      total 4608K, used 4512K [0x00000000d5580000, 0x00000000d5b80000, 0x0000000100000000)
  eden space 4096K, 100% used [0x00000000d5580000,0x00000000d5980000,0x00000000d5980000)
  from space 512K, 81% used [0x00000000d5b00000,0x00000000d5b68000,0x00000000d5b80000)
  to   space 512K, 0% used [0x00000000d5a80000,0x00000000d5a80000,0x00000000d5b00000)
 ParOldGen       total 944128K, used 943924K [0x0000000080000000, 0x00000000b9a00000, 0x00000000d5580000)
  object space 944128K, 99% used [0x0000000080000000,0x00000000b99cd368,0x00000000b9a00000)
 Metaspace       used 98045K, committed 99904K, reserved 1179648K
  class space    used 9995K, committed 10880K, reserved 1048576K
}
Event: 1502.391 GC heap after
{Heap after GC invocations=2338 (full 5):
 PSYoungGen      total 4608K, used 416K [0x00000000d5580000, 0x00000000d5b80000, 0x0000000100000000)
  eden space 4096K, 0% used [0x00000000d5580000,0x00000000d5580000,0x00000000d5980000)
  from space 512K, 81% used [0x00000000d5a80000,0x00000000d5ae8000,0x00000000d5b00000)
  to   space 512K, 0% used [0x00000000d5b00000,0x00000000d5b00000,0x00000000d5b80000)
 ParOldGen       total 944128K, used 943988K [0x0000000080000000, 0x00000000b9a00000, 0x00000000d5580000)
  object space 944128K, 99% used [0x0000000080000000,0x00000000b99dd368,0x00000000b9a00000)
 Metaspace       used 98045K, committed 99904K, reserved 1179648K
  class space    used 9995K, committed 10880K, reserved 1048576K
}
Event: 1502.398 GC heap before
{Heap before GC invocations=2339 (full 5):
 PSYoungGen      total 4608K, used 4512K [0x00000000d5580000, 0x00000000d5b80000, 0x0000000100000000)
  eden space 4096K, 100% used [0x00000000d5580000,0x00000000d5980000,0x00000000d5980000)
  from space 512K, 81% used [0x00000000d5a80000,0x00000000d5ae8000,0x00000000d5b00000)
  to   space 512K, 0% used [0x00000000d5b00000,0x00000000d5b00000,0x00000000d5b80000)
 ParOldGen       total 944128K, used 943988K [0x0000000080000000, 0x00000000b9a00000, 0x00000000d5580000)
  object space 944128K, 99% used [0x0000000080000000,0x00000000b99dd368,0x00000000b9a00000)
 Metaspace       used 98045K, committed 99904K, reserved 1179648K
  class space    used 9995K, committed 10880K, reserved 1048576K
}
Event: 1502.399 GC heap after
{Heap after GC invocations=2339 (full 5):
 PSYoungGen      total 1536K, used 511K [0x00000000d5580000, 0x00000000d6280000, 0x0000000100000000)
  eden space 1024K, 0% used [0x00000000d5580000,0x00000000d5580000,0x00000000d5680000)
  from space 512K, 99% used [0x00000000d5b00000,0x00000000d5b7fcb0,0x00000000d5b80000)
  to   space 4608K, 0% used [0x00000000d5680000,0x00000000d5680000,0x00000000d5b00000)
 ParOldGen       total 947712K, used 947220K [0x0000000080000000, 0x00000000b9d80000, 0x00000000d5580000)
  object space 947712K, 99% used [0x0000000080000000,0x00000000b9d05018,0x00000000b9d80000)
 Metaspace       used 98045K, committed 99904K, reserved 1179648K
  class space    used 9995K, committed 10880K, reserved 1048576K
}
Event: 1502.401 GC heap before
{Heap before GC invocations=2340 (full 5):
 PSYoungGen      total 1536K, used 1535K [0x00000000d5580000, 0x00000000d6280000, 0x0000000100000000)
  eden space 1024K, 99% used [0x00000000d5580000,0x00000000d567ffd0,0x00000000d5680000)
  from space 512K, 99% used [0x00000000d5b00000,0x00000000d5b7fcb0,0x00000000d5b80000)
  to   space 4608K, 0% used [0x00000000d5680000,0x00000000d5680000,0x00000000d5b00000)
 ParOldGen       total 947712K, used 947220K [0x0000000080000000, 0x00000000b9d80000, 0x00000000d5580000)
  object space 947712K, 99% used [0x0000000080000000,0x00000000b9d05018,0x00000000b9d80000)
 Metaspace       used 98045K, committed 99904K, reserved 1179648K
  class space    used 9995K, committed 10880K, reserved 1048576K
}
Event: 1502.402 GC heap after
{Heap after GC invocations=2340 (full 5):
 PSYoungGen      total 2048K, used 894K [0x00000000d5580000, 0x00000000d5b80000, 0x0000000100000000)
  eden space 1024K, 0% used [0x00000000d5580000,0x00000000d5580000,0x00000000d5680000)
  from space 1024K, 87% used [0x00000000d5680000,0x00000000d575f960,0x00000000d5780000)
  to   space 2048K, 0% used [0x00000000d5980000,0x00000000d5980000,0x00000000d5b80000)
 ParOldGen       total 947712K, used 947560K [0x0000000080000000, 0x00000000b9d80000, 0x00000000d5580000)
  object space 947712K, 99% used [0x0000000080000000,0x00000000b9d5a140,0x00000000b9d80000)
 Metaspace       used 98045K, committed 99904K, reserved 1179648K
  class space    used 9995K, committed 10880K, reserved 1048576K
}
Event: 1502.403 GC heap before
{Heap before GC invocations=2341 (full 5):
 PSYoungGen      total 2048K, used 1918K [0x00000000d5580000, 0x00000000d5b80000, 0x0000000100000000)
  eden space 1024K, 100% used [0x00000000d5580000,0x00000000d5680000,0x00000000d5680000)
  from space 1024K, 87% used [0x00000000d5680000,0x00000000d575f960,0x00000000d5780000)
  to   space 2048K, 0% used [0x00000000d5980000,0x00000000d5980000,0x00000000d5b80000)
 ParOldGen       total 947712K, used 947560K [0x0000000080000000, 0x00000000b9d80000, 0x00000000d5580000)
  object space 947712K, 99% used [0x0000000080000000,0x00000000b9d5a140,0x00000000b9d80000)
 Metaspace       used 98045K, committed 99904K, reserved 1179648K
  class space    used 9995K, committed 10880K, reserved 1048576K
}
Event: 1502.404 GC heap after
{Heap after GC invocations=2341 (full 5):
 PSYoungGen      total 3072K, used 1216K [0x00000000d5580000, 0x00000000d5b00000, 0x0000000100000000)
  eden space 1536K, 0% used [0x00000000d5580000,0x00000000d5580000,0x00000000d5700000)
  from space 1536K, 79% used [0x00000000d5980000,0x00000000d5ab0000,0x00000000d5b00000)
  to   space 1536K, 0% used [0x00000000d5800000,0x00000000d5800000,0x00000000d5980000)
 ParOldGen       total 948736K, used 948342K [0x0000000080000000, 0x00000000b9e80000, 0x00000000d5580000)
  object space 948736K, 99% used [0x0000000080000000,0x00000000b9e1daa0,0x00000000b9e80000)
 Metaspace       used 98045K, committed 99904K, reserved 1179648K
  class space    used 9995K, committed 10880K, reserved 1048576K
}
Event: 1502.406 GC heap before
{Heap before GC invocations=2342 (full 5):
 PSYoungGen      total 3072K, used 2752K [0x00000000d5580000, 0x00000000d5b00000, 0x0000000100000000)
  eden space 1536K, 100% used [0x00000000d5580000,0x00000000d5700000,0x00000000d5700000)
  from space 1536K, 79% used [0x00000000d5980000,0x00000000d5ab0000,0x00000000d5b00000)
  to   space 1536K, 0% used [0x00000000d5800000,0x00000000d5800000,0x00000000d5980000)
 ParOldGen       total 948736K, used 948342K [0x0000000080000000, 0x00000000b9e80000, 0x00000000d5580000)
  object space 948736K, 99% used [0x0000000080000000,0x00000000b9e1daa0,0x00000000b9e80000)
 Metaspace       used 98045K, committed 99904K, reserved 1179648K
  class space    used 9995K, committed 10880K, reserved 1048576K
}
Event: 1502.407 GC heap after
{Heap after GC invocations=2342 (full 5):
 PSYoungGen      total 3584K, used 1536K [0x00000000d5580000, 0x00000000d5d80000, 0x0000000100000000)
  eden space 2048K, 0% used [0x00000000d5580000,0x00000000d5580000,0x00000000d5780000)
  from space 1536K, 100% used [0x00000000d5800000,0x00000000d5980000,0x00000000d5980000)
  to   space 3072K, 0% used [0x00000000d5a80000,0x00000000d5a80000,0x00000000d5d80000)
 ParOldGen       total 949760K, used 949366K [0x0000000080000000, 0x00000000b9f80000, 0x00000000d5580000)
  object space 949760K, 99% used [0x0000000080000000,0x00000000b9f1daa0,0x00000000b9f80000)
 Metaspace       used 98045K, committed 99904K, reserved 1179648K
  class space    used 9995K, committed 10880K, reserved 1048576K
}
Event: 1502.412 GC heap before
{Heap before GC invocations=2343 (full 5):
 PSYoungGen      total 3584K, used 3483K [0x00000000d5580000, 0x00000000d5d80000, 0x0000000100000000)
  eden space 2048K, 95% used [0x00000000d5580000,0x00000000d5766f88,0x00000000d5780000)
  from space 1536K, 100% used [0x00000000d5800000,0x00000000d5980000,0x00000000d5980000)
  to   space 3072K, 0% used [0x00000000d5a80000,0x00000000d5a80000,0x00000000d5d80000)
 ParOldGen       total 949760K, used 949366K [0x0000000080000000, 0x00000000b9f80000, 0x00000000d5580000)
  object space 949760K, 99% used [0x0000000080000000,0x00000000b9f1daa0,0x00000000b9f80000)
 Metaspace       used 98045K, committed 99904K, reserved 1179648K
  class space    used 9995K, committed 10880K, reserved 1048576K
}
Event: 1502.413 GC heap after
{Heap after GC invocations=2343 (full 5):
 PSYoungGen      total 4096K, used 1087K [0x00000000d5580000, 0x00000000d5c00000, 0x0000000100000000)
  eden space 2560K, 0% used [0x00000000d5580000,0x00000000d5580000,0x00000000d5800000)
  from space 1536K, 70% used [0x00000000d5a80000,0x00000000d5b8fcb0,0x00000000d5c00000)
  to   space 2048K, 0% used [0x00000000d5800000,0x00000000d5800000,0x00000000d5a00000)
 ParOldGen       total 951296K, used 950902K [0x0000000080000000, 0x00000000ba100000, 0x00000000d5580000)
  object space 951296K, 99% used [0x0000000080000000,0x00000000ba09daa0,0x00000000ba100000)
 Metaspace       used 98045K, committed 99904K, reserved 1179648K
  class space    used 9995K, committed 10880K, reserved 1048576K
}
Event: 1502.416 GC heap before
{Heap before GC invocations=2344 (full 5):
 PSYoungGen      total 4096K, used 3647K [0x00000000d5580000, 0x00000000d5c00000, 0x0000000100000000)
  eden space 2560K, 100% used [0x00000000d5580000,0x00000000d5800000,0x00000000d5800000)
  from space 1536K, 70% used [0x00000000d5a80000,0x00000000d5b8fcb0,0x00000000d5c00000)
  to   space 2048K, 0% used [0x00000000d5800000,0x00000000d5800000,0x00000000d5a00000)
 ParOldGen       total 951296K, used 950902K [0x0000000080000000, 0x00000000ba100000, 0x00000000d5580000)
  object space 951296K, 99% used [0x0000000080000000,0x00000000ba09daa0,0x00000000ba100000)
 Metaspace       used 98045K, committed 99904K, reserved 1179648K
  class space    used 9995K, committed 10880K, reserved 1048576K
}
Event: 1502.417 GC heap after
{Heap after GC invocations=2344 (full 5):
 PSYoungGen      total 4608K, used 2047K [0x00000000d5580000, 0x00000000d6080000, 0x0000000100000000)
  eden space 2560K, 0% used [0x00000000d5580000,0x00000000d5580000,0x00000000d5800000)
  from space 2048K, 99% used [0x00000000d5800000,0x00000000d59ffcb0,0x00000000d5a00000)
  to   space 4096K, 0% used [0x00000000d5c80000,0x00000000d5c80000,0x00000000d6080000)
 ParOldGen       total 952320K, used 952264K [0x0000000080000000, 0x00000000ba200000, 0x00000000d5580000)
  object space 952320K, 99% used [0x0000000080000000,0x00000000ba1f22b8,0x00000000ba200000)
 Metaspace       used 98045K, committed 99904K, reserved 1179648K
  class space    used 9995K, committed 10880K, reserved 1048576K
}
Event: 1502.421 GC heap before
{Heap before GC invocations=2345 (full 5):
 PSYoungGen      total 4608K, used 4607K [0x00000000d5580000, 0x00000000d6080000, 0x0000000100000000)
  eden space 2560K, 99% used [0x00000000d5580000,0x00000000d57ffff0,0x00000000d5800000)
  from space 2048K, 99% used [0x00000000d5800000,0x00000000d59ffcb0,0x00000000d5a00000)
  to   space 4096K, 0% used [0x00000000d5c80000,0x00000000d5c80000,0x00000000d6080000)
 ParOldGen       total 952320K, used 952264K [0x0000000080000000, 0x00000000ba200000, 0x00000000d5580000)
  object space 952320K, 99% used [0x0000000080000000,0x00000000ba1f22b8,0x00000000ba200000)
 Metaspace       used 98045K, committed 99904K, reserved 1179648K
  class space    used 9995K, committed 10880K, reserved 1048576K
}
Event: 1502.423 GC heap after
{Heap after GC invocations=2345 (full 5):
 PSYoungGen      total 6144K, used 2718K [0x00000000d5580000, 0x00000000d5f80000, 0x0000000100000000)
  eden space 3072K, 0% used [0x00000000d5580000,0x00000000d5580000,0x00000000d5880000)
  from space 3072K, 88% used [0x00000000d5c80000,0x00000000d5f27960,0x00000000d5f80000)
  to   space 3072K, 0% used [0x00000000d5980000,0x00000000d5980000,0x00000000d5c80000)
 ParOldGen       total 954880K, used 954383K [0x0000000080000000, 0x00000000ba480000, 0x00000000d5580000)
  object space 954880K, 99% used [0x0000000080000000,0x00000000ba403f68,0x00000000ba480000)
 Metaspace       used 98045K, committed 99904K, reserved 1179648K
  class space    used 9995K, committed 10880K, reserved 1048576K
}
Event: 1529.311 GC heap before
{Heap before GC invocations=2346 (full 5):
 PSYoungGen      total 6144K, used 5790K [0x00000000d5580000, 0x00000000d5f80000, 0x0000000100000000)
  eden space 3072K, 100% used [0x00000000d5580000,0x00000000d5880000,0x00000000d5880000)
  from space 3072K, 88% used [0x00000000d5c80000,0x00000000d5f27960,0x00000000d5f80000)
  to   space 3072K, 0% used [0x00000000d5980000,0x00000000d5980000,0x00000000d5c80000)
 ParOldGen       total 954880K, used 954383K [0x0000000080000000, 0x00000000ba480000, 0x00000000d5580000)
  object space 954880K, 99% used [0x0000000080000000,0x00000000ba403f68,0x00000000ba480000)
 Metaspace       used 98045K, committed 99904K, reserved 1179648K
  class space    used 9995K, committed 10880K, reserved 1048576K
}
Event: 1529.313 GC heap after
{Heap after GC invocations=2346 (full 5):
 PSYoungGen      total 4608K, used 352K [0x00000000d5580000, 0x00000000d5d00000, 0x0000000100000000)
  eden space 4096K, 0% used [0x00000000d5580000,0x00000000d5580000,0x00000000d5980000)
  from space 512K, 68% used [0x00000000d5980000,0x00000000d59d8000,0x00000000d5a00000)
  to   space 1536K, 0% used [0x00000000d5b80000,0x00000000d5b80000,0x00000000d5d00000)
 ParOldGen       total 955392K, used 955247K [0x0000000080000000, 0x00000000ba500000, 0x00000000d5580000)
  object space 955392K, 99% used [0x0000000080000000,0x00000000ba4dbf68,0x00000000ba500000)
 Metaspace       used 98045K, committed 99904K, reserved 1179648K
  class space    used 9995K, committed 10880K, reserved 1048576K
}
Event: 1529.320 GC heap before
{Heap before GC invocations=2347 (full 5):
 PSYoungGen      total 4608K, used 4447K [0x00000000d5580000, 0x00000000d5d00000, 0x0000000100000000)
  eden space 4096K, 99% used [0x00000000d5580000,0x00000000d597fd40,0x00000000d5980000)
  from space 512K, 68% used [0x00000000d5980000,0x00000000d59d8000,0x00000000d5a00000)
  to   space 1536K, 0% used [0x00000000d5b80000,0x00000000d5b80000,0x00000000d5d00000)
 ParOldGen       total 955392K, used 955247K [0x0000000080000000, 0x00000000ba500000, 0x00000000d5580000)
  object space 955392K, 99% used [0x0000000080000000,0x00000000ba4dbf68,0x00000000ba500000)
 Metaspace       used 98046K, committed 99904K, reserved 1179648K
  class space    used 9995K, committed 10880K, reserved 1048576K
}
Event: 1529.322 GC heap after
{Heap after GC invocations=2347 (full 5):
 PSYoungGen      total 5120K, used 576K [0x00000000d5580000, 0x00000000d5c80000, 0x0000000100000000)
  eden space 4096K, 0% used [0x00000000d5580000,0x00000000d5580000,0x00000000d5980000)
  from space 1024K, 56% used [0x00000000d5b80000,0x00000000d5c10000,0x00000000d5c80000)
  to   space 1024K, 0% used [0x00000000d5a80000,0x00000000d5a80000,0x00000000d5b80000)
 ParOldGen       total 955392K, used 955311K [0x0000000080000000, 0x00000000ba500000, 0x00000000d5580000)
  object space 955392K, 99% used [0x0000000080000000,0x00000000ba4ebf78,0x00000000ba500000)
 Metaspace       used 98046K, committed 99904K, reserved 1179648K
  class space    used 9995K, committed 10880K, reserved 1048576K
}

